[ratanmatka.in/index.html]
[backblue.gif]
[fade.gif]
[index.html]
[www.google-analytics.com/analytics.js]
[ratanmatka.in/google_play_store.png]
[ratanmatka.in/images/whatsapp.png]
[ratanmatka.in/Telegram-logo.jpg]
[ratanmatka.in/youtube.jpg]
[ratanmatka.in/register.html]
[ratanmatka.in/index-2.html]
[ratanmatka.in/game9.html]
[ratanmatka.in/game90.html]
[ratanmatka.in/game125.html]
[ratanmatka.in/game250.html]
[ratanmatka.in/game600.html]
[ratanmatka.in/game1000.html]
[ratanmatka.in/game10000.html]
[ratanmatka.in/stargame7cca.html]
[ratanmatka.in/stargame1bc6.html]
[ratanmatka.in/freegamepost.html]
[ratanmatka.in/info.html]
[ratanmatka.in/index.html]
[www.ratanmatka.in/styles.css]
[ratanmatka.in/register.html]
[ratanmatka.in/index-2.html]
[ratanmatka.in/game9.html]
[ratanmatka.in/game90.html]
[ratanmatka.in/game125.html]
[ratanmatka.in/game250.html]
[ratanmatka.in/game600.html]
[ratanmatka.in/game1000.html]
[ratanmatka.in/game10000.html]
[www.ratanmatka.in/jquery-3.4.1.min.js]
[ratanmatka.in/stargame7cca.html]
[ratanmatka.in/stargame1bc6.html]
[ratanmatka.in/freegamepost.html]
[ratanmatka.in/info.html]
[www.ratanmatka.in/images/star.html]
[www.ratanmatka.in/sip-images/qt.html]
